Warning[203] E:\THIBAUT JUZEAU\DOCUMENTS\ÈTUDES\INGÈNIEUR\INFORMATIQUE\ASSEMBLEUR\PROJET\PROJET-ELEC.X\VUMETRE-LUMINEUX.ASM 261 : Found opcode in column 1. (RETURN)
Warning[203] E:\THIBAUT JUZEAU\DOCUMENTS\ÈTUDES\INGÈNIEUR\INFORMATIQUE\ASSEMBLEUR\PROJET\PROJET-ELEC.X\VUMETRE-LUMINEUX.ASM 277 : Found opcode in column 1. (RETURN)
Warning[207] E:\THIBAUT JUZEAU\DOCUMENTS\ÈTUDES\INGÈNIEUR\INFORMATIQUE\ASSEMBLEUR\PROJET\PROJET-ELEC.X\VUMETRE-LUMINEUX.ASM 283 : Found label after column 1. (parcours)
Warning[207] E:\THIBAUT JUZEAU\DOCUMENTS\ÈTUDES\INGÈNIEUR\INFORMATIQUE\ASSEMBLEUR\PROJET\PROJET-ELEC.X\VUMETRE-LUMINEUX.ASM 290 : Found label after column 1. (un)
Warning[207] E:\THIBAUT JUZEAU\DOCUMENTS\ÈTUDES\INGÈNIEUR\INFORMATIQUE\ASSEMBLEUR\PROJET\PROJET-ELEC.X\VUMETRE-LUMINEUX.ASM 294 : Found label after column 1. (suite)
Warning[203] E:\THIBAUT JUZEAU\DOCUMENTS\ÈTUDES\INGÈNIEUR\INFORMATIQUE\ASSEMBLEUR\PROJET\PROJET-ELEC.X\VUMETRE-LUMINEUX.ASM 300 : Found opcode in column 1. (RETURN)
Warning[203] E:\THIBAUT JUZEAU\DOCUMENTS\ÈTUDES\INGÈNIEUR\INFORMATIQUE\ASSEMBLEUR\PROJET\PROJET-ELEC.X\VUMETRE-LUMINEUX.ASM 311 : Found opcode in column 1. (RETURN)
Warning[203] E:\THIBAUT JUZEAU\DOCUMENTS\ÈTUDES\INGÈNIEUR\INFORMATIQUE\ASSEMBLEUR\PROJET\PROJET-ELEC.X\VUMETRE-LUMINEUX.ASM 322 : Found opcode in column 1. (RETURN)
Warning[203] E:\THIBAUT JUZEAU\DOCUMENTS\ÈTUDES\INGÈNIEUR\INFORMATIQUE\ASSEMBLEUR\PROJET\PROJET-ELEC.X\VUMETRE-LUMINEUX.ASM 333 : Found opcode in column 1. (RETURN)
Warning[203] E:\THIBAUT JUZEAU\DOCUMENTS\ÈTUDES\INGÈNIEUR\INFORMATIQUE\ASSEMBLEUR\PROJET\PROJET-ELEC.X\VUMETRE-LUMINEUX.ASM 344 : Found opcode in column 1. (RETURN)
Warning[203] E:\THIBAUT JUZEAU\DOCUMENTS\ÈTUDES\INGÈNIEUR\INFORMATIQUE\ASSEMBLEUR\PROJET\PROJET-ELEC.X\VUMETRE-LUMINEUX.ASM 355 : Found opcode in column 1. (RETURN)
Warning[203] E:\THIBAUT JUZEAU\DOCUMENTS\ÈTUDES\INGÈNIEUR\INFORMATIQUE\ASSEMBLEUR\PROJET\PROJET-ELEC.X\VUMETRE-LUMINEUX.ASM 366 : Found opcode in column 1. (RETURN)
Warning[203] E:\THIBAUT JUZEAU\DOCUMENTS\ÈTUDES\INGÈNIEUR\INFORMATIQUE\ASSEMBLEUR\PROJET\PROJET-ELEC.X\VUMETRE-LUMINEUX.ASM 377 : Found opcode in column 1. (RETURN)
Warning[203] E:\THIBAUT JUZEAU\DOCUMENTS\ÈTUDES\INGÈNIEUR\INFORMATIQUE\ASSEMBLEUR\PROJET\PROJET-ELEC.X\VUMETRE-LUMINEUX.ASM 388 : Found opcode in column 1. (RETURN)
Warning[203] E:\THIBAUT JUZEAU\DOCUMENTS\ÈTUDES\INGÈNIEUR\INFORMATIQUE\ASSEMBLEUR\PROJET\PROJET-ELEC.X\VUMETRE-LUMINEUX.ASM 399 : Found opcode in column 1. (RETURN)
Warning[207] E:\THIBAUT JUZEAU\DOCUMENTS\ÈTUDES\INGÈNIEUR\INFORMATIQUE\ASSEMBLEUR\PROJET\PROJET-ELEC.X\VUMETRE-LUMINEUX.ASM 406 : Found label after column 1. (boucle0)
Warning[207] E:\THIBAUT JUZEAU\DOCUMENTS\ÈTUDES\INGÈNIEUR\INFORMATIQUE\ASSEMBLEUR\PROJET\PROJET-ELEC.X\VUMETRE-LUMINEUX.ASM 410 : Found label after column 1. (boucle1)
Warning[207] E:\THIBAUT JUZEAU\DOCUMENTS\ÈTUDES\INGÈNIEUR\INFORMATIQUE\ASSEMBLEUR\PROJET\PROJET-ELEC.X\VUMETRE-LUMINEUX.ASM 424 : Found label after column 1. (boucleW0)
Warning[207] E:\THIBAUT JUZEAU\DOCUMENTS\ÈTUDES\INGÈNIEUR\INFORMATIQUE\ASSEMBLEUR\PROJET\PROJET-ELEC.X\VUMETRE-LUMINEUX.ASM 428 : Found label after column 1. (boucleW1)
Warning[207] E:\THIBAUT JUZEAU\DOCUMENTS\ÈTUDES\INGÈNIEUR\INFORMATIQUE\ASSEMBLEUR\PROJET\PROJET-ELEC.X\VUMETRE-LUMINEUX.ASM 436 : Found label after column 1. (ZERO_DE_PUISSANCE)
Warning[207] E:\THIBAUT JUZEAU\DOCUMENTS\ÈTUDES\INGÈNIEUR\INFORMATIQUE\ASSEMBLEUR\PROJET\PROJET-ELEC.X\VUMETRE-LUMINEUX.ASM 456 : Found label after column 1. (UN_DE_PUISSANCE)
Warning[207] E:\THIBAUT JUZEAU\DOCUMENTS\ÈTUDES\INGÈNIEUR\INFORMATIQUE\ASSEMBLEUR\PROJET\PROJET-ELEC.X\VUMETRE-LUMINEUX.ASM 476 : Found label after column 1. (DEUX_DE_PUISSANCE)
Warning[207] E:\THIBAUT JUZEAU\DOCUMENTS\ÈTUDES\INGÈNIEUR\INFORMATIQUE\ASSEMBLEUR\PROJET\PROJET-ELEC.X\VUMETRE-LUMINEUX.ASM 496 : Found label after column 1. (TROIS_DE_PUISSANCE)
Warning[207] E:\THIBAUT JUZEAU\DOCUMENTS\ÈTUDES\INGÈNIEUR\INFORMATIQUE\ASSEMBLEUR\PROJET\PROJET-ELEC.X\VUMETRE-LUMINEUX.ASM 516 : Found label after column 1. (QUATRE_DE_PUISSANCE)
Warning[207] E:\THIBAUT JUZEAU\DOCUMENTS\ÈTUDES\INGÈNIEUR\INFORMATIQUE\ASSEMBLEUR\PROJET\PROJET-ELEC.X\VUMETRE-LUMINEUX.ASM 536 : Found label after column 1. (CINQ_DE_PUISSANCE)
Warning[207] E:\THIBAUT JUZEAU\DOCUMENTS\ÈTUDES\INGÈNIEUR\INFORMATIQUE\ASSEMBLEUR\PROJET\PROJET-ELEC.X\VUMETRE-LUMINEUX.ASM 556 : Found label after column 1. (SIX_DE_PUISSANCE)
Warning[207] E:\THIBAUT JUZEAU\DOCUMENTS\ÈTUDES\INGÈNIEUR\INFORMATIQUE\ASSEMBLEUR\PROJET\PROJET-ELEC.X\VUMETRE-LUMINEUX.ASM 576 : Found label after column 1. (SEPT_DE_PUISSANCE)
Warning[207] E:\THIBAUT JUZEAU\DOCUMENTS\ÈTUDES\INGÈNIEUR\INFORMATIQUE\ASSEMBLEUR\PROJET\PROJET-ELEC.X\VUMETRE-LUMINEUX.ASM 595 : Found label after column 1. (HUIT_DE_PUISSANCE)
Warning[207] E:\THIBAUT JUZEAU\DOCUMENTS\ÈTUDES\INGÈNIEUR\INFORMATIQUE\ASSEMBLEUR\PROJET\PROJET-ELEC.X\VUMETRE-LUMINEUX.ASM 615 : Found label after column 1. (BASSES)
Warning[207] E:\THIBAUT JUZEAU\DOCUMENTS\ÈTUDES\INGÈNIEUR\INFORMATIQUE\ASSEMBLEUR\PROJET\PROJET-ELEC.X\VUMETRE-LUMINEUX.ASM 621 : Found label after column 1. (suiteB)
Warning[207] E:\THIBAUT JUZEAU\DOCUMENTS\ÈTUDES\INGÈNIEUR\INFORMATIQUE\ASSEMBLEUR\PROJET\PROJET-ELEC.X\VUMETRE-LUMINEUX.ASM 627 : Found label after column 1. (suiteB1)
Warning[207] E:\THIBAUT JUZEAU\DOCUMENTS\ÈTUDES\INGÈNIEUR\INFORMATIQUE\ASSEMBLEUR\PROJET\PROJET-ELEC.X\VUMETRE-LUMINEUX.ASM 633 : Found label after column 1. (suiteB2)
Warning[207] E:\THIBAUT JUZEAU\DOCUMENTS\ÈTUDES\INGÈNIEUR\INFORMATIQUE\ASSEMBLEUR\PROJET\PROJET-ELEC.X\VUMETRE-LUMINEUX.ASM 639 : Found label after column 1. (suiteB3)
Warning[207] E:\THIBAUT JUZEAU\DOCUMENTS\ÈTUDES\INGÈNIEUR\INFORMATIQUE\ASSEMBLEUR\PROJET\PROJET-ELEC.X\VUMETRE-LUMINEUX.ASM 645 : Found label after column 1. (suiteB4)
Warning[207] E:\THIBAUT JUZEAU\DOCUMENTS\ÈTUDES\INGÈNIEUR\INFORMATIQUE\ASSEMBLEUR\PROJET\PROJET-ELEC.X\VUMETRE-LUMINEUX.ASM 651 : Found label after column 1. (suiteB5)
Warning[207] E:\THIBAUT JUZEAU\DOCUMENTS\ÈTUDES\INGÈNIEUR\INFORMATIQUE\ASSEMBLEUR\PROJET\PROJET-ELEC.X\VUMETRE-LUMINEUX.ASM 657 : Found label after column 1. (suiteB6)
Warning[207] E:\THIBAUT JUZEAU\DOCUMENTS\ÈTUDES\INGÈNIEUR\INFORMATIQUE\ASSEMBLEUR\PROJET\PROJET-ELEC.X\VUMETRE-LUMINEUX.ASM 663 : Found label after column 1. (suiteB7)
Warning[207] E:\THIBAUT JUZEAU\DOCUMENTS\ÈTUDES\INGÈNIEUR\INFORMATIQUE\ASSEMBLEUR\PROJET\PROJET-ELEC.X\VUMETRE-LUMINEUX.ASM 669 : Found label after column 1. (suiteB8)
Warning[207] E:\THIBAUT JUZEAU\DOCUMENTS\ÈTUDES\INGÈNIEUR\INFORMATIQUE\ASSEMBLEUR\PROJET\PROJET-ELEC.X\VUMETRE-LUMINEUX.ASM 673 : Found label after column 1. (MEDIUM_BAS)
Warning[207] E:\THIBAUT JUZEAU\DOCUMENTS\ÈTUDES\INGÈNIEUR\INFORMATIQUE\ASSEMBLEUR\PROJET\PROJET-ELEC.X\VUMETRE-LUMINEUX.ASM 679 : Found label after column 1. (suiteMB)
Warning[207] E:\THIBAUT JUZEAU\DOCUMENTS\ÈTUDES\INGÈNIEUR\INFORMATIQUE\ASSEMBLEUR\PROJET\PROJET-ELEC.X\VUMETRE-LUMINEUX.ASM 685 : Found label after column 1. (suiteMB1)
Warning[207] E:\THIBAUT JUZEAU\DOCUMENTS\ÈTUDES\INGÈNIEUR\INFORMATIQUE\ASSEMBLEUR\PROJET\PROJET-ELEC.X\VUMETRE-LUMINEUX.ASM 691 : Found label after column 1. (suiteMB2)
Warning[207] E:\THIBAUT JUZEAU\DOCUMENTS\ÈTUDES\INGÈNIEUR\INFORMATIQUE\ASSEMBLEUR\PROJET\PROJET-ELEC.X\VUMETRE-LUMINEUX.ASM 697 : Found label after column 1. (suiteMB3)
Warning[207] E:\THIBAUT JUZEAU\DOCUMENTS\ÈTUDES\INGÈNIEUR\INFORMATIQUE\ASSEMBLEUR\PROJET\PROJET-ELEC.X\VUMETRE-LUMINEUX.ASM 703 : Found label after column 1. (suiteMB4)
Warning[207] E:\THIBAUT JUZEAU\DOCUMENTS\ÈTUDES\INGÈNIEUR\INFORMATIQUE\ASSEMBLEUR\PROJET\PROJET-ELEC.X\VUMETRE-LUMINEUX.ASM 709 : Found label after column 1. (suiteMB5)
Warning[207] E:\THIBAUT JUZEAU\DOCUMENTS\ÈTUDES\INGÈNIEUR\INFORMATIQUE\ASSEMBLEUR\PROJET\PROJET-ELEC.X\VUMETRE-LUMINEUX.ASM 715 : Found label after column 1. (suiteMB6)
Warning[207] E:\THIBAUT JUZEAU\DOCUMENTS\ÈTUDES\INGÈNIEUR\INFORMATIQUE\ASSEMBLEUR\PROJET\PROJET-ELEC.X\VUMETRE-LUMINEUX.ASM 721 : Found label after column 1. (suiteMB7)
Warning[207] E:\THIBAUT JUZEAU\DOCUMENTS\ÈTUDES\INGÈNIEUR\INFORMATIQUE\ASSEMBLEUR\PROJET\PROJET-ELEC.X\VUMETRE-LUMINEUX.ASM 727 : Found label after column 1. (suiteMB8)
Warning[207] E:\THIBAUT JUZEAU\DOCUMENTS\ÈTUDES\INGÈNIEUR\INFORMATIQUE\ASSEMBLEUR\PROJET\PROJET-ELEC.X\VUMETRE-LUMINEUX.ASM 732 : Found label after column 1. (MEDIUM_HAUT)
Warning[207] E:\THIBAUT JUZEAU\DOCUMENTS\ÈTUDES\INGÈNIEUR\INFORMATIQUE\ASSEMBLEUR\PROJET\PROJET-ELEC.X\VUMETRE-LUMINEUX.ASM 738 : Found label after column 1. (suiteMH)
Warning[207] E:\THIBAUT JUZEAU\DOCUMENTS\ÈTUDES\INGÈNIEUR\INFORMATIQUE\ASSEMBLEUR\PROJET\PROJET-ELEC.X\VUMETRE-LUMINEUX.ASM 744 : Found label after column 1. (suiteMH1)
Warning[207] E:\THIBAUT JUZEAU\DOCUMENTS\ÈTUDES\INGÈNIEUR\INFORMATIQUE\ASSEMBLEUR\PROJET\PROJET-ELEC.X\VUMETRE-LUMINEUX.ASM 750 : Found label after column 1. (suiteMH2)
Warning[207] E:\THIBAUT JUZEAU\DOCUMENTS\ÈTUDES\INGÈNIEUR\INFORMATIQUE\ASSEMBLEUR\PROJET\PROJET-ELEC.X\VUMETRE-LUMINEUX.ASM 756 : Found label after column 1. (suiteMH3)
Warning[207] E:\THIBAUT JUZEAU\DOCUMENTS\ÈTUDES\INGÈNIEUR\INFORMATIQUE\ASSEMBLEUR\PROJET\PROJET-ELEC.X\VUMETRE-LUMINEUX.ASM 762 : Found label after column 1. (suiteMH4)
Warning[207] E:\THIBAUT JUZEAU\DOCUMENTS\ÈTUDES\INGÈNIEUR\INFORMATIQUE\ASSEMBLEUR\PROJET\PROJET-ELEC.X\VUMETRE-LUMINEUX.ASM 768 : Found label after column 1. (suiteMH5)
Warning[207] E:\THIBAUT JUZEAU\DOCUMENTS\ÈTUDES\INGÈNIEUR\INFORMATIQUE\ASSEMBLEUR\PROJET\PROJET-ELEC.X\VUMETRE-LUMINEUX.ASM 774 : Found label after column 1. (suiteMH6)
Warning[207] E:\THIBAUT JUZEAU\DOCUMENTS\ÈTUDES\INGÈNIEUR\INFORMATIQUE\ASSEMBLEUR\PROJET\PROJET-ELEC.X\VUMETRE-LUMINEUX.ASM 780 : Found label after column 1. (suiteMH7)
Warning[207] E:\THIBAUT JUZEAU\DOCUMENTS\ÈTUDES\INGÈNIEUR\INFORMATIQUE\ASSEMBLEUR\PROJET\PROJET-ELEC.X\VUMETRE-LUMINEUX.ASM 786 : Found label after column 1. (suiteMH8)
Warning[207] E:\THIBAUT JUZEAU\DOCUMENTS\ÈTUDES\INGÈNIEUR\INFORMATIQUE\ASSEMBLEUR\PROJET\PROJET-ELEC.X\VUMETRE-LUMINEUX.ASM 791 : Found label after column 1. (AIGUS)
Warning[207] E:\THIBAUT JUZEAU\DOCUMENTS\ÈTUDES\INGÈNIEUR\INFORMATIQUE\ASSEMBLEUR\PROJET\PROJET-ELEC.X\VUMETRE-LUMINEUX.ASM 797 : Found label after column 1. (suiteA)
Warning[207] E:\THIBAUT JUZEAU\DOCUMENTS\ÈTUDES\INGÈNIEUR\INFORMATIQUE\ASSEMBLEUR\PROJET\PROJET-ELEC.X\VUMETRE-LUMINEUX.ASM 803 : Found label after column 1. (suiteA1)
Warning[207] E:\THIBAUT JUZEAU\DOCUMENTS\ÈTUDES\INGÈNIEUR\INFORMATIQUE\ASSEMBLEUR\PROJET\PROJET-ELEC.X\VUMETRE-LUMINEUX.ASM 809 : Found label after column 1. (suiteA2)
Warning[207] E:\THIBAUT JUZEAU\DOCUMENTS\ÈTUDES\INGÈNIEUR\INFORMATIQUE\ASSEMBLEUR\PROJET\PROJET-ELEC.X\VUMETRE-LUMINEUX.ASM 815 : Found label after column 1. (suiteA3)
Warning[207] E:\THIBAUT JUZEAU\DOCUMENTS\ÈTUDES\INGÈNIEUR\INFORMATIQUE\ASSEMBLEUR\PROJET\PROJET-ELEC.X\VUMETRE-LUMINEUX.ASM 821 : Found label after column 1. (suiteA4)
Warning[207] E:\THIBAUT JUZEAU\DOCUMENTS\ÈTUDES\INGÈNIEUR\INFORMATIQUE\ASSEMBLEUR\PROJET\PROJET-ELEC.X\VUMETRE-LUMINEUX.ASM 827 : Found label after column 1. (suiteA5)
Warning[207] E:\THIBAUT JUZEAU\DOCUMENTS\ÈTUDES\INGÈNIEUR\INFORMATIQUE\ASSEMBLEUR\PROJET\PROJET-ELEC.X\VUMETRE-LUMINEUX.ASM 833 : Found label after column 1. (suiteA6)
Warning[207] E:\THIBAUT JUZEAU\DOCUMENTS\ÈTUDES\INGÈNIEUR\INFORMATIQUE\ASSEMBLEUR\PROJET\PROJET-ELEC.X\VUMETRE-LUMINEUX.ASM 839 : Found label after column 1. (suiteA7)
Warning[207] E:\THIBAUT JUZEAU\DOCUMENTS\ÈTUDES\INGÈNIEUR\INFORMATIQUE\ASSEMBLEUR\PROJET\PROJET-ELEC.X\VUMETRE-LUMINEUX.ASM 845 : Found label after column 1. (suiteA8)
Warning[207] E:\THIBAUT JUZEAU\DOCUMENTS\ÈTUDES\INGÈNIEUR\INFORMATIQUE\ASSEMBLEUR\PROJET\PROJET-ELEC.X\VUMETRE-LUMINEUX.ASM 851 : Found label after column 1. (TEST_VOLUME)
Warning[207] E:\THIBAUT JUZEAU\DOCUMENTS\ÈTUDES\INGÈNIEUR\INFORMATIQUE\ASSEMBLEUR\PROJET\PROJET-ELEC.X\VUMETRE-LUMINEUX.ASM 1005 : Found label after column 1. (ADC_BASSES)
Warning[207] E:\THIBAUT JUZEAU\DOCUMENTS\ÈTUDES\INGÈNIEUR\INFORMATIQUE\ASSEMBLEUR\PROJET\PROJET-ELEC.X\VUMETRE-LUMINEUX.ASM 1012 : Found label after column 1. (labelB)
Warning[207] E:\THIBAUT JUZEAU\DOCUMENTS\ÈTUDES\INGÈNIEUR\INFORMATIQUE\ASSEMBLEUR\PROJET\PROJET-ELEC.X\VUMETRE-LUMINEUX.ASM 1023 : Found label after column 1. (ADC_MEDIUM_BAS)
Warning[207] E:\THIBAUT JUZEAU\DOCUMENTS\ÈTUDES\INGÈNIEUR\INFORMATIQUE\ASSEMBLEUR\PROJET\PROJET-ELEC.X\VUMETRE-LUMINEUX.ASM 1030 : Found label after column 1. (labelMB)
Warning[207] E:\THIBAUT JUZEAU\DOCUMENTS\ÈTUDES\INGÈNIEUR\INFORMATIQUE\ASSEMBLEUR\PROJET\PROJET-ELEC.X\VUMETRE-LUMINEUX.ASM 1042 : Found label after column 1. (ADC_MEDIUM_HAUT)
Warning[207] E:\THIBAUT JUZEAU\DOCUMENTS\ÈTUDES\INGÈNIEUR\INFORMATIQUE\ASSEMBLEUR\PROJET\PROJET-ELEC.X\VUMETRE-LUMINEUX.ASM 1049 : Found label after column 1. (labelMH)
Warning[207] E:\THIBAUT JUZEAU\DOCUMENTS\ÈTUDES\INGÈNIEUR\INFORMATIQUE\ASSEMBLEUR\PROJET\PROJET-ELEC.X\VUMETRE-LUMINEUX.ASM 1060 : Found label after column 1. (ADC_AIGUS)
Warning[207] E:\THIBAUT JUZEAU\DOCUMENTS\ÈTUDES\INGÈNIEUR\INFORMATIQUE\ASSEMBLEUR\PROJET\PROJET-ELEC.X\VUMETRE-LUMINEUX.ASM 1067 : Found label after column 1. (labelA)
Warning[207] E:\THIBAUT JUZEAU\DOCUMENTS\ÈTUDES\INGÈNIEUR\INFORMATIQUE\ASSEMBLEUR\PROJET\PROJET-ELEC.X\VUMETRE-LUMINEUX.ASM 1078 : Found label after column 1. (FROM1024TO8)
Warning[207] E:\THIBAUT JUZEAU\DOCUMENTS\ÈTUDES\INGÈNIEUR\INFORMATIQUE\ASSEMBLEUR\PROJET\PROJET-ELEC.X\VUMETRE-LUMINEUX.ASM 1092 : Found label after column 1. (OO)
Warning[207] E:\THIBAUT JUZEAU\DOCUMENTS\ÈTUDES\INGÈNIEUR\INFORMATIQUE\ASSEMBLEUR\PROJET\PROJET-ELEC.X\VUMETRE-LUMINEUX.ASM 1099 : Found label after column 1. (Ol)
Warning[207] E:\THIBAUT JUZEAU\DOCUMENTS\ÈTUDES\INGÈNIEUR\INFORMATIQUE\ASSEMBLEUR\PROJET\PROJET-ELEC.X\VUMETRE-LUMINEUX.ASM 1106 : Found label after column 1. (lO)
Warning[207] E:\THIBAUT JUZEAU\DOCUMENTS\ÈTUDES\INGÈNIEUR\INFORMATIQUE\ASSEMBLEUR\PROJET\PROJET-ELEC.X\VUMETRE-LUMINEUX.ASM 1113 : Found label after column 1. (ll)
Warning[207] E:\THIBAUT JUZEAU\DOCUMENTS\ÈTUDES\INGÈNIEUR\INFORMATIQUE\ASSEMBLEUR\PROJET\PROJET-ELEC.X\VUMETRE-LUMINEUX.ASM 1120 : Found label after column 1. (ZERO_OU_UN)
Warning[207] E:\THIBAUT JUZEAU\DOCUMENTS\ÈTUDES\INGÈNIEUR\INFORMATIQUE\ASSEMBLEUR\PROJET\PROJET-ELEC.X\VUMETRE-LUMINEUX.ASM 1126 : Found label after column 1. (its1)
Warning[207] E:\THIBAUT JUZEAU\DOCUMENTS\ÈTUDES\INGÈNIEUR\INFORMATIQUE\ASSEMBLEUR\PROJET\PROJET-ELEC.X\VUMETRE-LUMINEUX.ASM 1128 : Found label after column 1. (fin8)
Warning[207] E:\THIBAUT JUZEAU\DOCUMENTS\ÈTUDES\INGÈNIEUR\INFORMATIQUE\ASSEMBLEUR\PROJET\PROJET-ELEC.X\VUMETRE-LUMINEUX.ASM 1133 : Found label after column 1. (GETSIGNALS)
Warning[207] E:\THIBAUT JUZEAU\DOCUMENTS\ÈTUDES\INGÈNIEUR\INFORMATIQUE\ASSEMBLEUR\PROJET\PROJET-ELEC.X\VUMETRE-LUMINEUX.ASM 1169 : Found label after column 1. (POCE_BLO)
Warning[207] E:\THIBAUT JUZEAU\DOCUMENTS\ÈTUDES\INGÈNIEUR\INFORMATIQUE\ASSEMBLEUR\PROJET\PROJET-ELEC.X\VUMETRE-LUMINEUX.ASM 1244 : Found label after column 1. (FACEBOOK)
Warning[207] E:\THIBAUT JUZEAU\DOCUMENTS\ÈTUDES\INGÈNIEUR\INFORMATIQUE\ASSEMBLEUR\PROJET\PROJET-ELEC.X\VUMETRE-LUMINEUX.ASM 1320 : Found label after column 1. (YOUTUBE)
Warning[207] E:\THIBAUT JUZEAU\DOCUMENTS\ÈTUDES\INGÈNIEUR\INFORMATIQUE\ASSEMBLEUR\PROJET\PROJET-ELEC.X\VUMETRE-LUMINEUX.ASM 1395 : Found label after column 1. (TWEETER)
Warning[207] E:\THIBAUT JUZEAU\DOCUMENTS\ÈTUDES\INGÈNIEUR\INFORMATIQUE\ASSEMBLEUR\PROJET\PROJET-ELEC.X\VUMETRE-LUMINEUX.ASM 1473 : Found label after column 1. (RESEAUX_SOCIAUX)
Warning[207] E:\THIBAUT JUZEAU\DOCUMENTS\ÈTUDES\INGÈNIEUR\INFORMATIQUE\ASSEMBLEUR\PROJET\PROJET-ELEC.X\VUMETRE-LUMINEUX.ASM 1587 : Found label after column 1. (CUBE)
Warning[207] E:\THIBAUT JUZEAU\DOCUMENTS\ÈTUDES\INGÈNIEUR\INFORMATIQUE\ASSEMBLEUR\PROJET\PROJET-ELEC.X\VUMETRE-LUMINEUX.ASM 1919 : Found label after column 1. (SMILEY)
Warning[207] E:\THIBAUT JUZEAU\DOCUMENTS\ÈTUDES\INGÈNIEUR\INFORMATIQUE\ASSEMBLEUR\PROJET\PROJET-ELEC.X\VUMETRE-LUMINEUX.ASM 2143 : Found label after column 1. (clignote)
